INFO:root:epoch 000 train_loss 0.00385800 val_loss 0.00191579
INFO:root:epoch 001 train_loss 0.00184068 val_loss 0.00236348
INFO:root:epoch 002 train_loss 0.00180046 val_loss 0.00181141
INFO:root:epoch 003 train_loss 0.00175384 val_loss 0.00211041
INFO:root:epoch 004 train_loss 0.00166109 val_loss 0.00174630
INFO:root:epoch 005 train_loss 0.00163599 val_loss 0.00229567
INFO:root:epoch 006 train_loss 0.00157626 val_loss 0.00173006
INFO:root:epoch 007 train_loss 0.00154920 val_loss 0.00177097
INFO:root:epoch 008 train_loss 0.00150642 val_loss 0.00174193
INFO:root:epoch 009 train_loss 0.00146482 val_loss 0.00170345
INFO:root:epoch 010 train_loss 0.00133397 val_loss 0.00160155
INFO:root:epoch 011 train_loss 0.00131337 val_loss 0.00156815
INFO:root:epoch 012 train_loss 0.00130646 val_loss 0.00154986
INFO:root:epoch 013 train_loss 0.00129266 val_loss 0.00155415
INFO:root:epoch 014 train_loss 0.00129254 val_loss 0.00152145
INFO:root:epoch 015 train_loss 0.00128308 val_loss 0.00155142
INFO:root:epoch 016 train_loss 0.00127409 val_loss 0.00152666
INFO:root:epoch 017 train_loss 0.00126936 val_loss 0.00152348
INFO:root:epoch 018 train_loss 0.00125943 val_loss 0.00150628
INFO:root:epoch 019 train_loss 0.00125721 val_loss 0.00152245
INFO:root:epoch 020 train_loss 0.00124267 val_loss 0.00151206
INFO:root:epoch 021 train_loss 0.00123169 val_loss 0.00150101
INFO:root:epoch 022 train_loss 0.00123106 val_loss 0.00149770
INFO:root:epoch 023 train_loss 0.00123380 val_loss 0.00150223
INFO:root:epoch 024 train_loss 0.00123710 val_loss 0.00150797
INFO:root:epoch 025 train_loss 0.00123555 val_loss 0.00151058
INFO:root:epoch 026 train_loss 0.00123212 val_loss 0.00150489
INFO:root:epoch 027 train_loss 0.00123408 val_loss 0.00149572
INFO:root:epoch 028 train_loss 0.00123585 val_loss 0.00149464
INFO:root:epoch 029 train_loss 0.00122711 val_loss 0.00149557
INFO:root:epoch 030 train_loss 0.00123012 val_loss 0.00149628
INFO:root:epoch 031 train_loss 0.00123350 val_loss 0.00148596
INFO:root:epoch 032 train_loss 0.00123221 val_loss 0.00150499
INFO:root:epoch 033 train_loss 0.00122995 val_loss 0.00150209
INFO:root:epoch 034 train_loss 0.00122891 val_loss 0.00149957
INFO:root:epoch 035 train_loss 0.00123191 val_loss 0.00150248
INFO:root:epoch 036 train_loss 0.00122938 val_loss 0.00149471
INFO:root:epoch 037 train_loss 0.00122471 val_loss 0.00150144
INFO:root:epoch 038 train_loss 0.00122412 val_loss 0.00150657
INFO:root:epoch 039 train_loss 0.00123089 val_loss 0.00149405
INFO:root:epoch 040 train_loss 0.00123128 val_loss 0.00148994
INFO:root:epoch 041 train_loss 0.00122631 val_loss 0.00149881
INFO:root:epoch 042 train_loss 0.00123009 val_loss 0.00149490
INFO:root:epoch 043 train_loss 0.00122853 val_loss 0.00148958
INFO:root:epoch 044 train_loss 0.00123013 val_loss 0.00149409
INFO:root:epoch 045 train_loss 0.00122100 val_loss 0.00149626
INFO:root:epoch 046 train_loss 0.00123074 val_loss 0.00147657
INFO:root:epoch 047 train_loss 0.00122418 val_loss 0.00150494
INFO:root:epoch 048 train_loss 0.00123401 val_loss 0.00149938
INFO:root:epoch 049 train_loss 0.00122777 val_loss 0.00149948
INFO:root:epoch 050 train_loss 0.00123098 val_loss 0.00150351
INFO:root:epoch 051 train_loss 0.00122820 val_loss 0.00149823
INFO:root:epoch 052 train_loss 0.00122937 val_loss 0.00149946
INFO:root:epoch 053 train_loss 0.00122900 val_loss 0.00150080
INFO:root:epoch 054 train_loss 0.00122945 val_loss 0.00150038
INFO:root:epoch 055 train_loss 0.00122742 val_loss 0.00149365
INFO:root:epoch 056 train_loss 0.00122134 val_loss 0.00150011
INFO:root:epoch 057 train_loss 0.00122868 val_loss 0.00147549
INFO:root:epoch 058 train_loss 0.00122899 val_loss 0.00149592
INFO:root:epoch 059 train_loss 0.00123383 val_loss 0.00149669
INFO:root:epoch 060 train_loss 0.00122970 val_loss 0.00149948
INFO:root:epoch 061 train_loss 0.00123155 val_loss 0.00149691
INFO:root:epoch 062 train_loss 0.00122898 val_loss 0.00150743
INFO:root:epoch 063 train_loss 0.00122587 val_loss 0.00149751
INFO:root:epoch 064 train_loss 0.00123453 val_loss 0.00149728
INFO:root:epoch 065 train_loss 0.00123244 val_loss 0.00150430
INFO:root:epoch 066 train_loss 0.00122956 val_loss 0.00150108
INFO:root:epoch 067 train_loss 0.00122306 val_loss 0.00149866
INFO:root:epoch 068 train_loss 0.00122549 val_loss 0.00150287
INFO:root:epoch 069 train_loss 0.00122829 val_loss 0.00149781
INFO:root:epoch 070 train_loss 0.00123251 val_loss 0.00150031
INFO:root:epoch 071 train_loss 0.00122771 val_loss 0.00149105
INFO:root:epoch 072 train_loss 0.00122538 val_loss 0.00150116
INFO:root:epoch 073 train_loss 0.00123139 val_loss 0.00149130
INFO:root:epoch 074 train_loss 0.00122415 val_loss 0.00149284
INFO:root:epoch 075 train_loss 0.00122704 val_loss 0.00150555
INFO:root:epoch 076 train_loss 0.00122846 val_loss 0.00149888
INFO:root:epoch 077 train_loss 0.00123178 val_loss 0.00149804
INFO:root:epoch 078 train_loss 0.00122857 val_loss 0.00149252
INFO:root:epoch 079 train_loss 0.00122928 val_loss 0.00149088
INFO:root:epoch 080 train_loss 0.00122883 val_loss 0.00149101
INFO:root:epoch 081 train_loss 0.00123207 val_loss 0.00149231
INFO:root:epoch 082 train_loss 0.00122610 val_loss 0.00148830
INFO:root:epoch 083 train_loss 0.00122887 val_loss 0.00150955
INFO:root:epoch 084 train_loss 0.00122621 val_loss 0.00150271
INFO:root:epoch 085 train_loss 0.00122768 val_loss 0.00149908
INFO:root:epoch 086 train_loss 0.00122773 val_loss 0.00148390
INFO:root:epoch 087 train_loss 0.00122298 val_loss 0.00149588
INFO:root:epoch 088 train_loss 0.00122266 val_loss 0.00149927
INFO:root:epoch 089 train_loss 0.00122302 val_loss 0.00149811
INFO:root:epoch 090 train_loss 0.00122555 val_loss 0.00150262
INFO:root:epoch 091 train_loss 0.00123282 val_loss 0.00149319
INFO:root:epoch 092 train_loss 0.00123342 val_loss 0.00149429
INFO:root:epoch 093 train_loss 0.00123263 val_loss 0.00150765
INFO:root:epoch 094 train_loss 0.00122438 val_loss 0.00149640
INFO:root:epoch 095 train_loss 0.00123662 val_loss 0.00149988
INFO:root:epoch 096 train_loss 0.00123134 val_loss 0.00150111
INFO:root:epoch 097 train_loss 0.00122757 val_loss 0.00149887
INFO:root:epoch 098 train_loss 0.00122261 val_loss 0.00150383
INFO:root:epoch 099 train_loss 0.00122781 val_loss 0.00149111
